在 2019-08-03 17:29:58,530 查看账户余额
pl在 2019-08-03 17:32:11,545 查看账户余额
pl在 2019-08-03 17:32:21,228 查看账户余额
pl在 2019-08-03 17:32:40,345 查看账户余额
pl在 2019-08-03 17:52:32,447 存入账户200￥
pl在 2019-08-03 18:27:19,123 向pl1成功转入100￥
pl在 2019-08-03 18:39:42,351 向pl1成功转入20￥
pl在 2019-08-03 18:40:12,962 向pl成功转入20￥
pl在 2019-08-03 18:47:03,104 向pl1成功转入20￥
pl在 2019-08-03 19:20:19,542 查看账户余额
pl在 2019-08-03 19:20:28,620 存入账户200￥
pl在 2019-08-03 19:20:29,809 查看账户余额
pl在 2019-08-03 19:22:59,562 查看账户余额
pl在 2019-08-03 19:23:04,563 存入账户200￥
pl在 2019-08-03 19:23:06,330 查看账户余额
pl在 2019-08-03 19:23:10,502 查看账户余额
pl在 2019-08-03 19:24:03,724 向pl1成功转入200￥
pl在 2019-08-03 19:24:07,057 查看账户余额
pl在 2019-08-04 16:26:23,108 查看账户余额
pl在 2019-08-04 16:26:32,182 存入账户200￥
pl在 2019-08-04 16:26:33,885 查看账户余额
pl在 2019-08-04 16:26:50,319 向pl1成功转入10￥
pl在 2019-08-04 16:27:15,457 查看账户余额
